<?xml version="1.0" encoding="UTF-8"?>
<!-- Generated by org.testng.reporters.JUnitReportReporter -->
<testsuite skipped="0" hostname="jajit-z01" name="restassuredTests.Demo1_Get_request" tests="1" failures="0" timestamp="2022-02-23T20:23:56 IST" time="9.807" errors="0">
  <testcase name="getUserDetails" time="9.807" classname="restassuredTests.Demo1_Get_request"/>
  <system-out/>
</testsuite> <!-- restassuredTests.Demo1_Get_request -->
